[16:10:48] [ServerMain/INFO]: Building unoptimized datafixer
[16:10:49] [ServerMain/INFO]: Environment: authHost='https://authserver.mojang.com', accountsHost='https://api.mojang.com', sessionHost='https://sessionserver.mojang.com', servicesHost='https://api.minecraftservices.com', name='PROD'
[16:10:52] [ServerMain/INFO]: Loaded 7 recipes
[16:10:53] [Server thread/INFO]: Starting minecraft server version 1.19
[16:10:53] [Server thread/INFO]: Loading properties
[16:10:53] [Server thread/INFO]: This server is running Paper version git-Paper-81 (MC: 1.19) (Implementing API version 1.19-R0.1-SNAPSHOT) (Git: 86f87ba)
[16:10:53] [Server thread/INFO]: Server Ping Player Sample Count: 12
[16:10:53] [Server thread/INFO]: Using 4 threads for Netty based IO
[16:10:54] [Server thread/INFO]: Default game type: CREATIVE
[16:10:54] [Server thread/INFO]: Generating keypair
[16:10:54] [Server thread/INFO]: Starting Minecraft server on *:25565
[16:10:54] [Server thread/INFO]: Using default channel type
[16:10:54] [Server thread/INFO]: Paper: Using Java 11 compression from Velocity.
[16:10:54] [Server thread/INFO]: Paper: Using Java cipher from Velocity.
[16:10:57] [Server thread/INFO]: [WorldEdit] Loading WorldEdit v7.2.20+6667-f0f1e66
[16:10:58] [Server thread/INFO]: Got request to register class com.sk89q.worldedit.bukkit.BukkitServerInterface with WorldEdit [com.sk89q.worldedit.extension.platform.PlatformManager@cda975]
[16:10:58] [Server thread/INFO]: [Essentials] Loading Essentials v2.21.0-dev+102-fcf6e64
[16:10:58] [Server thread/INFO]: [Plugin1] Loading Plugin1 v1.0.1
[16:10:59] [Server thread/INFO]:         __    
[16:10:59] [Server thread/INFO]:   |    |__)   LuckPerms v5.4.131
[16:10:59] [Server thread/INFO]:   |___ |      Running on Bukkit - Paper
[16:10:59] [Server thread/INFO]: 
[16:11:00] [Server thread/INFO]: [LuckPerms] Loading storage provider... [H2]
[16:11:01] [Server thread/WARN]: [Vault] Loaded class com.earth2me.essentials.api.Economy from Essentials v2.21.0-dev+102-fcf6e64 which is not a depend or softdepend of this plugin.
[16:11:01] [Server thread/INFO]: [Vault] [Economy] Essentials Economy found: Waiting
[16:11:01] [Server thread/INFO]: [WorldEdit] Enabling WorldEdit v7.2.20+6667-f0f1e66
[16:11:01] [Server thread/INFO]: Registering commands with com.sk89q.worldedit.bukkit.BukkitServerInterface
[16:11:01] [Server thread/INFO]: WEPIF: Vault detected! Using Vault for permissions
[16:11:02] [Server thread/WARN]: 
**********************************************
** This WorldEdit version does not fully support your version of Bukkit.
**
** When working with blocks or undoing, chests will be empty, signs
** will be blank, and so on. There will be no support for entity
** and block property-related functions.
**
** Please see https://worldedit.enginehub.org/en/latest/faq/#bukkit-adapters
**********************************************

[16:11:04] [Server thread/INFO]: [Essentials] Enabling Essentials v2.21.0-dev+102-fcf6e64
[16:11:05] [Server thread/ERROR]: [Essentials] You are running an unsupported server version!
[16:11:05] [Server thread/INFO]: [Essentials] Attempting to convert old kits in config.yml to new kits.yml
[16:11:05] [Server thread/INFO]: [Essentials] No kits found to migrate.
[16:11:05] [Server thread/INFO]: [Essentials] Loaded 42679 items from items.json.
[16:11:05] [Server thread/INFO]: [Essentials] Using locale en_US
[16:11:06] [Server thread/INFO]: [Essentials] ServerListPingEvent: Spigot iterator API
[16:11:06] [Server thread/INFO]: [Essentials] Starting Metrics. Opt-out using the global bStats config.
[16:11:06] [Server thread/INFO]: [Vault] [Economy] Essentials Economy hooked.
[16:11:06] [Server thread/INFO]: [Essentials] Using Vault based permissions (LuckPerms)
[16:11:06] [Server thread/INFO]: [Plugin1] Enabling Plugin1 v1.0.1
[16:11:07] [Server thread/INFO]: [Essentials] Essentials found a compatible payment resolution method: Vault Compatibility Layer (v1.7.3-b131)!
[16:11:07] [Server thread/INFO]: Done (14.180s)! For help, type "help"
[16:11:07] [Craft Scheduler Thread - 3 - Essentials/INFO]: [Essentials] Fetching version information...
[16:11:07] [Craft Scheduler Thread - 5 - Vault/INFO]: [Vault] Checking for Updates ... 
[16:11:08] [Craft Scheduler Thread - 5 - Vault/INFO]: [Vault] No new version available
[16:11:15] [User Authenticator #1/INFO]: UUID of player manderijnn is 5c49e85a-7b8a-3b25-9ab5-be234064cd17
[16:11:16] [Server thread/INFO]: manderijnn joined the game
[16:11:16] [Server thread/INFO]: manderijnn[/127.0.0.1:51019] logged in with entity id 108 at ([world]12.761065775073021, 78.0, 37.68107784755338)
[16:11:16] [Server thread/WARN]: [Essentials] Permissions lag notice with (LuckPermsHandler). Response took 101.402000ms. Summary: Getting group for manderijnn
[16:14:10] [Server thread/ERROR]: No TreeType mapping for TreeGenerator.TreeType.CHERRY
[16:16:08] [Server thread/INFO]: manderijnn lost connection: Disconnected
[16:16:08] [Server thread/INFO]: manderijnn left the game
[16:16:15] [Server thread/INFO]: Stopping server
[16:16:15] [Server thread/INFO]: [Essentials] Disabling Essentials v2.21.0-dev+102-fcf6e64
[16:16:15] [Server thread/INFO]: Unregistering com.sk89q.worldedit.bukkit.BukkitServerInterface from WorldEdit
[16:16:15] [Server thread/INFO]: Saving players
[16:16:15] [Server thread/INFO]: Saving worlds
[16:16:15] [Thread-5/WARN]: Exception in thread "Thread-5" java.lang.NoClassDefFoundError: org/h2/api/ErrorCode
[16:16:15] [Thread-5/WARN]: 	at org.h2.message.DbException.getJdbcSQLException(DbException.java:475)
[16:16:15] [Thread-5/WARN]: 	at org.h2.message.DbException.get(DbException.java:212)
[16:16:15] [Thread-5/WARN]: 	at org.h2.mvstore.db.Store.close(Store.java:402)
[16:16:15] [Thread-5/WARN]: 	at org.h2.engine.Database.closeOpenFilesAndUnlock(Database.java:1261)
[16:16:15] [Thread-5/WARN]: 	at org.h2.engine.Database.closeImpl(Database.java:1225)
[16:16:15] [Thread-5/WARN]: 	at org.h2.engine.Database.close(Database.java:1144)
[16:16:15] [Thread-5/WARN]: 	at org.h2.engine.OnExitDatabaseCloser.onShutdown(OnExitDatabaseCloser.java:85)
[16:16:15] [Thread-5/WARN]: 	at org.h2.engine.OnExitDatabaseCloser.run(OnExitDatabaseCloser.java:114)
[16:16:15] [Thread-5/WARN]: Caused by: java.lang.ClassNotFoundException: org.h2.api.ErrorCode
[16:16:15] [Thread-5/WARN]: 	at java.base/java.net.URLClassLoader.findClass(URLClassLoader.java:445)
[16:16:15] [Thread-5/WARN]: 	at java.base/java.lang.ClassLoader.loadClass(ClassLoader.java:592)
[16:16:15] [Thread-5/WARN]: 	at java.base/java.lang.ClassLoader.loadClass(ClassLoader.java:525)
[16:16:15] [Thread-5/WARN]: 	... 8 more
[16:16:15] [Server thread/INFO]: Saving chunks for level 'ServerLevel[world]'/minecraft:overworld
[16:16:17] [Server thread/INFO]: ThreadedAnvilChunkStorage (world): All chunks are saved
[16:16:17] [Server thread/INFO]: ThreadedAnvilChunkStorage: All dimensions are saved
[16:16:17] [Server thread/INFO]: Flushing Chunk IO
[16:16:17] [Server thread/INFO]: Closing Thread Pool
[16:16:17] [Server thread/INFO]: Closing Server
